<?xml version="1.0" encoding="UTF-8"?>
<!-- Generated by org.testng.reporters.JUnitXMLReporter -->
<testsuite ignored="1" hostname="ROHAN" failures="0" tests="1" name="loginErrorValidation" time="4.983" errors="0" timestamp="2024-06-16T13:19:22 IST">
  <testcase classname="SeleniumFramework1.TestCases.ErrorValidationTest" name="loginErrorValidation" time="1.157"/>
  <testcase classname="SeleniumFramework1.TestCases.ErrorValidationTest" name="productErrorValidation" time="0.0">
    <ignored/>
  </testcase> <!-- productErrorValidation -->
</testsuite> <!-- loginErrorValidation -->
