<?xml version="1.0" encoding="UTF-8"?>
<!-- Generated by org.testng.reporters.JUnitXMLReporter -->
<testsuite ignored="1" hostname="ROHAN" failures="0" tests="2" name="StandAloneTest1" time="33.783" errors="0" timestamp="2024-06-16T16:14:32 IST">
  <testcase classname="SeleniumFramework1.TestCases.usingTestNGConcepts2" name="submitOrder" time="14.291"/>
  <testcase classname="SeleniumFramework1.TestCases.usingTestNGConcepts2" name="submitOrder" time="14.361"/>
  <testcase classname="SeleniumFramework1.TestCases.usingTestNGConcepts2" name="orderHistory" time="0.0">
    <ignored/>
  </testcase> <!-- orderHistory -->
</testsuite> <!-- StandAloneTest1 -->
