<?xml version="1.0" encoding="UTF-8"?>
<!-- Generated by org.testng.reporters.JUnitXMLReporter -->
<testsuite ignored="1" hostname="ROHAN" failures="0" tests="2" name="toCheckJsonConcept" time="39.602" errors="0" timestamp="2024-06-17T20:50:19 IST">
  <testcase classname="SeleniumFramework1.TestCases.usingJsonConcept" name="submitOrder" time="14.84"/>
  <testcase classname="SeleniumFramework1.TestCases.usingJsonConcept" name="submitOrder" time="14.531"/>
  <testcase classname="SeleniumFramework1.TestCases.usingJsonConcept" name="orderHistory" time="0.0">
    <ignored/>
  </testcase> <!-- orderHistory -->
</testsuite> <!-- toCheckJsonConcept -->
