<?xml version="1.0" encoding="UTF-8"?>
<!-- Generated by org.testng.reporters.JUnitXMLReporter -->
<testsuite ignored="1" hostname="ROHAN" failures="0" tests="2" name="StandAloneTest1" time="38.537" errors="0" timestamp="2024-07-06T12:36:11 IST">
  <testcase classname="SeleniumFramework1.TestCases.usingTestNGConcepts1" name="submitOrder" time="15.808"/>
  <testcase classname="SeleniumFramework1.TestCases.usingTestNGConcepts1" name="submitOrder" time="14.699"/>
  <testcase classname="SeleniumFramework1.TestCases.usingTestNGConcepts1" name="orderHistory" time="0.0">
    <ignored/>
  </testcase> <!-- orderHistory -->
</testsuite> <!-- StandAloneTest1 -->
